<?xml version="1.0" encoding="UTF-8"?>
<!-- Generated by org.testng.reporters.JUnitXMLReporter -->
<testsuite ignored="0" hostname="Arjun" failures="2" tests="2" name="ErrorTests" time="19.814" errors="0" timestamp="2026-09-16T16:40:03 IST">
  <testcase classname="EndToEndTests.ErrorValidation" name="ErrorValidationTest" time="3.614">
    <failure type="java.lang.AssertionError" message="expected [Prroduct Added To Cart] but found [Product Added To Cart]">
      <![CDATA[java.lang.AssertionError: expected [Prroduct Added To Cart] but found [Product Added To Cart]
at EndToEndTests.ErrorValidation.ErrorValidationTest(ErrorValidation.java:24)
at java.base/java.util.ArrayList.forEach(ArrayList.java:1596)
at java.base/java.util.concurrent.FutureTask.run(FutureTask.java:317)
at java.base/java.util.concurrent.ThreadPoolExecutor.runWorker(ThreadPoolExecutor.java:1144)
at java.base/java.util.concurrent.ThreadPoolExecutor$Worker.run(ThreadPoolExecutor.java:642)
at java.base/java.lang.Thread.run(Thread.java:1583)
... Removed 21 stack frames]]>
    </failure>
  </testcase> <!-- ErrorValidationTest -->
  <testcase classname="EndToEndTests.ErrorValidation" name="ErrorValidationTest" time="4.668">
    <failure type="java.lang.AssertionError" message="expected [Prroduct Added To Cart] but found [Product Added To Cart]">
      <![CDATA[java.lang.AssertionError: expected [Prroduct Added To Cart] but found [Product Added To Cart]
at EndToEndTests.ErrorValidation.ErrorValidationTest(ErrorValidation.java:24)
at java.base/java.util.ArrayList.forEach(ArrayList.java:1596)
at java.base/java.util.concurrent.FutureTask.run(FutureTask.java:317)
at java.base/java.util.concurrent.ThreadPoolExecutor.runWorker(ThreadPoolExecutor.java:1144)
at java.base/java.util.concurrent.ThreadPoolExecutor$Worker.run(ThreadPoolExecutor.java:642)
at java.base/java.lang.Thread.run(Thread.java:1583)
... Removed 21 stack frames]]>
    </failure>
  </testcase> <!-- ErrorValidationTest -->
</testsuite> <!-- ErrorTests -->
